<?xml version="1.0" encoding="UTF-8"?>
<testsuite xmlns:xsi="http://www.w3.org/2001/XMLSchema-instance" xsi:noNamespaceSchemaLocation="https://maven.apache.org/surefire/maven-surefire-plugin/xsd/surefire-test-report.xsd" name="com.syrdec.app.AppTest" time="0.049" tests="1" errors="0" skipped="0" failures="0">
  <properties>
    <property name="gopherProxySet" value="false"/>
    <property name="awt.toolkit" value="sun.lwawt.macosx.LWCToolkit"/>
    <property name="file.encoding.pkg" value="sun.io"/>
    <property name="java.specification.version" value="1.8"/>
    <property name="sun.cpu.isalist" value=""/>
    <property name="sun.jnu.encoding" value="UTF-8"/>
    <property name="java.class.path" value="/Users/kaifujimoto/Desktop/rdf_lib/my-app/target/test-classes:/Users/kaifujimoto/Desktop/rdf_lib/my-app/target/classes:/Users/kaifujimoto/.m2/repository/net/sourceforge/owlapi/owlapi-api/5.1.13/owlapi-api-5.1.13.jar:/Users/kaifujimoto/.m2/repository/org/tukaani/xz/1.6/xz-1.6.jar:/Users/kaifujimoto/.m2/repository/org/apache/commons/commons-rdf-api/0.5.0/commons-rdf-api-0.5.0.jar:/Users/kaifujimoto/.m2/repository/javax/inject/javax.inject/1/javax.inject-1.jar:/Users/kaifujimoto/.m2/repository/com/github/vsonnier/hppcrt/0.7.5/hppcrt-0.7.5.jar:/Users/kaifujimoto/.m2/repository/com/github/ben-manes/caffeine/caffeine/2.6.1/caffeine-2.6.1.jar:/Users/kaifujimoto/.m2/repository/com/google/guava/guava/22.0/guava-22.0.jar:/Users/kaifujimoto/.m2/repository/com/google/errorprone/error_prone_annotations/2.0.18/error_prone_annotations-2.0.18.jar:/Users/kaifujimoto/.m2/repository/com/google/j2objc/j2objc-annotations/1.1/j2objc-annotations-1.1.jar:/Users/kaifujimoto/.m2/repository/org/codehaus/mojo/animal-sniffer-annotations/1.14/animal-sniffer-annotations-1.14.jar:/Users/kaifujimoto/.m2/repository/com/google/code/findbugs/jsr305/3.0.2/jsr305-3.0.2.jar:/Users/kaifujimoto/.m2/repository/org/slf4j/slf4j-api/1.7.25/slf4j-api-1.7.25.jar:/Users/kaifujimoto/.m2/repository/commons-io/commons-io/2.5/commons-io-2.5.jar:/Users/kaifujimoto/.m2/repository/net/sourceforge/owlapi/owlapi-apibinding/5.1.13/owlapi-apibinding-5.1.13.jar:/Users/kaifujimoto/.m2/repository/net/sourceforge/owlapi/owlapi-impl/5.1.13/owlapi-impl-5.1.13.jar:/Users/kaifujimoto/.m2/repository/net/sourceforge/owlapi/owlapi-parsers/5.1.13/owlapi-parsers-5.1.13.jar:/Users/kaifujimoto/.m2/repository/net/sourceforge/owlapi/owlapi-oboformat/5.1.13/owlapi-oboformat-5.1.13.jar:/Users/kaifujimoto/.m2/repository/net/sourceforge/owlapi/owlapi-tools/5.1.13/owlapi-tools-5.1.13.jar:/Users/kaifujimoto/.m2/repository/net/sourceforge/owlapi/owlapi-rio/5.1.13/owlapi-rio-5.1.13.jar:/Users/kaifujimoto/.m2/repository/org/eclipse/rdf4j/rdf4j-model/2.3.2/rdf4j-model-2.3.2.jar:/Users/kaifujimoto/.m2/repository/org/eclipse/rdf4j/rdf4j-util/2.3.2/rdf4j-util-2.3.2.jar:/Users/kaifujimoto/.m2/repository/org/eclipse/rdf4j/rdf4j-rio-api/2.3.2/rdf4j-rio-api-2.3.2.jar:/Users/kaifujimoto/.m2/repository/org/eclipse/rdf4j/rdf4j-rio-languages/2.3.2/rdf4j-rio-languages-2.3.2.jar:/Users/kaifujimoto/.m2/repository/org/eclipse/rdf4j/rdf4j-rio-datatypes/2.3.2/rdf4j-rio-datatypes-2.3.2.jar:/Users/kaifujimoto/.m2/repository/org/eclipse/rdf4j/rdf4j-rio-binary/2.3.2/rdf4j-rio-binary-2.3.2.jar:/Users/kaifujimoto/.m2/repository/org/eclipse/rdf4j/rdf4j-rio-n3/2.3.2/rdf4j-rio-n3-2.3.2.jar:/Users/kaifujimoto/.m2/repository/org/eclipse/rdf4j/rdf4j-rio-nquads/2.3.2/rdf4j-rio-nquads-2.3.2.jar:/Users/kaifujimoto/.m2/repository/org/eclipse/rdf4j/rdf4j-rio-ntriples/2.3.2/rdf4j-rio-ntriples-2.3.2.jar:/Users/kaifujimoto/.m2/repository/org/eclipse/rdf4j/rdf4j-rio-rdfjson/2.3.2/rdf4j-rio-rdfjson-2.3.2.jar:/Users/kaifujimoto/.m2/repository/com/fasterxml/jackson/core/jackson-core/2.8.8/jackson-core-2.8.8.jar:/Users/kaifujimoto/.m2/repository/org/eclipse/rdf4j/rdf4j-rio-rdfxml/2.3.2/rdf4j-rio-rdfxml-2.3.2.jar:/Users/kaifujimoto/.m2/repository/org/eclipse/rdf4j/rdf4j-rio-trix/2.3.2/rdf4j-rio-trix-2.3.2.jar:/Users/kaifujimoto/.m2/repository/org/eclipse/rdf4j/rdf4j-rio-turtle/2.3.2/rdf4j-rio-turtle-2.3.2.jar:/Users/kaifujimoto/.m2/repository/org/eclipse/rdf4j/rdf4j-rio-trig/2.3.2/rdf4j-rio-trig-2.3.2.jar:/Users/kaifujimoto/.m2/repository/org/eclipse/rdf4j/rdf4j-rio-jsonld/2.3.2/rdf4j-rio-jsonld-2.3.2.jar:/Users/kaifujimoto/.m2/repository/org/apache/httpcomponents/httpclient/4.5.2/httpclient-4.5.2.jar:/Users/kaifujimoto/.m2/repository/org/apache/httpcomponents/httpcore/4.4.4/httpcore-4.4.4.jar:/Users/kaifujimoto/.m2/repository/org/apache/httpcomponents/httpclient-cache/4.5.2/httpclient-cache-4.5.2.jar:/Users/kaifujimoto/.m2/repository/com/github/jsonld-java/jsonld-java/0.12.0/jsonld-java-0.12.0.jar:/Users/kaifujimoto/.m2/repository/com/fasterxml/jackson/core/jackson-databind/2.9.5/jackson-databind-2.9.5.jar:/Users/kaifujimoto/.m2/repository/com/fasterxml/jackson/core/jackson-annotations/2.9.0/jackson-annotations-2.9.0.jar:/Users/kaifujimoto/.m2/repository/org/apache/httpcomponents/httpclient-osgi/4.5.5/httpclient-osgi-4.5.5.jar:/Users/kaifujimoto/.m2/repository/commons-codec/commons-codec/1.10/commons-codec-1.10.jar:/Users/kaifujimoto/.m2/repository/org/apache/httpcomponents/httpmime/4.5.5/httpmime-4.5.5.jar:/Users/kaifujimoto/.m2/repository/org/apache/httpcomponents/fluent-hc/4.5.5/fluent-hc-4.5.5.jar:/Users/kaifujimoto/.m2/repository/org/apache/httpcomponents/httpcore-osgi/4.4.9/httpcore-osgi-4.4.9.jar:/Users/kaifujimoto/.m2/repository/org/apache/httpcomponents/httpcore-nio/4.4.9/httpcore-nio-4.4.9.jar:/Users/kaifujimoto/.m2/repository/org/slf4j/jcl-over-slf4j/1.7.25/jcl-over-slf4j-1.7.25.jar:/Users/kaifujimoto/.m2/repository/junit/junit/4.11/junit-4.11.jar:/Users/kaifujimoto/.m2/repository/org/hamcrest/hamcrest-core/1.3/hamcrest-core-1.3.jar:"/>
    <property name="java.vm.vendor" value="Oracle Corporation"/>
    <property name="sun.arch.data.model" value="64"/>
    <property name="java.vendor.url" value="http://java.oracle.com/"/>
    <property name="user.timezone" value=""/>
    <property name="java.vm.specification.version" value="1.8"/>
    <property name="os.name" value="Mac OS X"/>
    <property name="user.country" value="US"/>
    <property name="sun.java.launcher" value="SUN_STANDARD"/>
    <property name="sun.boot.library.path" value="/Library/Java/JavaVirtualMachines/jdk1.8.0_171.jdk/Contents/Home/jre/lib"/>
    <property name="sun.java.command" value="/Users/kaifujimoto/Desktop/rdf_lib/my-app/target/surefire/surefirebooter4390912792612226242.jar /Users/kaifujimoto/Desktop/rdf_lib/my-app/target/surefire 2020-04-09T07-21-17_813-jvmRun1 surefire6072074389569140077tmp surefire_03046514975727510094tmp"/>
    <property name="http.nonProxyHosts" value="local|*.local|169.254/16|*.169.254/16"/>
    <property name="surefire.test.class.path" value="/Users/kaifujimoto/Desktop/rdf_lib/my-app/target/test-classes:/Users/kaifujimoto/Desktop/rdf_lib/my-app/target/classes:/Users/kaifujimoto/.m2/repository/net/sourceforge/owlapi/owlapi-api/5.1.13/owlapi-api-5.1.13.jar:/Users/kaifujimoto/.m2/repository/org/tukaani/xz/1.6/xz-1.6.jar:/Users/kaifujimoto/.m2/repository/org/apache/commons/commons-rdf-api/0.5.0/commons-rdf-api-0.5.0.jar:/Users/kaifujimoto/.m2/repository/javax/inject/javax.inject/1/javax.inject-1.jar:/Users/kaifujimoto/.m2/repository/com/github/vsonnier/hppcrt/0.7.5/hppcrt-0.7.5.jar:/Users/kaifujimoto/.m2/repository/com/github/ben-manes/caffeine/caffeine/2.6.1/caffeine-2.6.1.jar:/Users/kaifujimoto/.m2/repository/com/google/guava/guava/22.0/guava-22.0.jar:/Users/kaifujimoto/.m2/repository/com/google/errorprone/error_prone_annotations/2.0.18/error_prone_annotations-2.0.18.jar:/Users/kaifujimoto/.m2/repository/com/google/j2objc/j2objc-annotations/1.1/j2objc-annotations-1.1.jar:/Users/kaifujimoto/.m2/repository/org/codehaus/mojo/animal-sniffer-annotations/1.14/animal-sniffer-annotations-1.14.jar:/Users/kaifujimoto/.m2/repository/com/google/code/findbugs/jsr305/3.0.2/jsr305-3.0.2.jar:/Users/kaifujimoto/.m2/repository/org/slf4j/slf4j-api/1.7.25/slf4j-api-1.7.25.jar:/Users/kaifujimoto/.m2/repository/commons-io/commons-io/2.5/commons-io-2.5.jar:/Users/kaifujimoto/.m2/repository/net/sourceforge/owlapi/owlapi-apibinding/5.1.13/owlapi-apibinding-5.1.13.jar:/Users/kaifujimoto/.m2/repository/net/sourceforge/owlapi/owlapi-impl/5.1.13/owlapi-impl-5.1.13.jar:/Users/kaifujimoto/.m2/repository/net/sourceforge/owlapi/owlapi-parsers/5.1.13/owlapi-parsers-5.1.13.jar:/Users/kaifujimoto/.m2/repository/net/sourceforge/owlapi/owlapi-oboformat/5.1.13/owlapi-oboformat-5.1.13.jar:/Users/kaifujimoto/.m2/repository/net/sourceforge/owlapi/owlapi-tools/5.1.13/owlapi-tools-5.1.13.jar:/Users/kaifujimoto/.m2/repository/net/sourceforge/owlapi/owlapi-rio/5.1.13/owlapi-rio-5.1.13.jar:/Users/kaifujimoto/.m2/repository/org/eclipse/rdf4j/rdf4j-model/2.3.2/rdf4j-model-2.3.2.jar:/Users/kaifujimoto/.m2/repository/org/eclipse/rdf4j/rdf4j-util/2.3.2/rdf4j-util-2.3.2.jar:/Users/kaifujimoto/.m2/repository/org/eclipse/rdf4j/rdf4j-rio-api/2.3.2/rdf4j-rio-api-2.3.2.jar:/Users/kaifujimoto/.m2/repository/org/eclipse/rdf4j/rdf4j-rio-languages/2.3.2/rdf4j-rio-languages-2.3.2.jar:/Users/kaifujimoto/.m2/repository/org/eclipse/rdf4j/rdf4j-rio-datatypes/2.3.2/rdf4j-rio-datatypes-2.3.2.jar:/Users/kaifujimoto/.m2/repository/org/eclipse/rdf4j/rdf4j-rio-binary/2.3.2/rdf4j-rio-binary-2.3.2.jar:/Users/kaifujimoto/.m2/repository/org/eclipse/rdf4j/rdf4j-rio-n3/2.3.2/rdf4j-rio-n3-2.3.2.jar:/Users/kaifujimoto/.m2/repository/org/eclipse/rdf4j/rdf4j-rio-nquads/2.3.2/rdf4j-rio-nquads-2.3.2.jar:/Users/kaifujimoto/.m2/repository/org/eclipse/rdf4j/rdf4j-rio-ntriples/2.3.2/rdf4j-rio-ntriples-2.3.2.jar:/Users/kaifujimoto/.m2/repository/org/eclipse/rdf4j/rdf4j-rio-rdfjson/2.3.2/rdf4j-rio-rdfjson-2.3.2.jar:/Users/kaifujimoto/.m2/repository/com/fasterxml/jackson/core/jackson-core/2.8.8/jackson-core-2.8.8.jar:/Users/kaifujimoto/.m2/repository/org/eclipse/rdf4j/rdf4j-rio-rdfxml/2.3.2/rdf4j-rio-rdfxml-2.3.2.jar:/Users/kaifujimoto/.m2/repository/org/eclipse/rdf4j/rdf4j-rio-trix/2.3.2/rdf4j-rio-trix-2.3.2.jar:/Users/kaifujimoto/.m2/repository/org/eclipse/rdf4j/rdf4j-rio-turtle/2.3.2/rdf4j-rio-turtle-2.3.2.jar:/Users/kaifujimoto/.m2/repository/org/eclipse/rdf4j/rdf4j-rio-trig/2.3.2/rdf4j-rio-trig-2.3.2.jar:/Users/kaifujimoto/.m2/repository/org/eclipse/rdf4j/rdf4j-rio-jsonld/2.3.2/rdf4j-rio-jsonld-2.3.2.jar:/Users/kaifujimoto/.m2/repository/org/apache/httpcomponents/httpclient/4.5.2/httpclient-4.5.2.jar:/Users/kaifujimoto/.m2/repository/org/apache/httpcomponents/httpcore/4.4.4/httpcore-4.4.4.jar:/Users/kaifujimoto/.m2/repository/org/apache/httpcomponents/httpclient-cache/4.5.2/httpclient-cache-4.5.2.jar:/Users/kaifujimoto/.m2/repository/com/github/jsonld-java/jsonld-java/0.12.0/jsonld-java-0.12.0.jar:/Users/kaifujimoto/.m2/repository/com/fasterxml/jackson/core/jackson-databind/2.9.5/jackson-databind-2.9.5.jar:/Users/kaifujimoto/.m2/repository/com/fasterxml/jackson/core/jackson-annotations/2.9.0/jackson-annotations-2.9.0.jar:/Users/kaifujimoto/.m2/repository/org/apache/httpcomponents/httpclient-osgi/4.5.5/httpclient-osgi-4.5.5.jar:/Users/kaifujimoto/.m2/repository/commons-codec/commons-codec/1.10/commons-codec-1.10.jar:/Users/kaifujimoto/.m2/repository/org/apache/httpcomponents/httpmime/4.5.5/httpmime-4.5.5.jar:/Users/kaifujimoto/.m2/repository/org/apache/httpcomponents/fluent-hc/4.5.5/fluent-hc-4.5.5.jar:/Users/kaifujimoto/.m2/repository/org/apache/httpcomponents/httpcore-osgi/4.4.9/httpcore-osgi-4.4.9.jar:/Users/kaifujimoto/.m2/repository/org/apache/httpcomponents/httpcore-nio/4.4.9/httpcore-nio-4.4.9.jar:/Users/kaifujimoto/.m2/repository/org/slf4j/jcl-over-slf4j/1.7.25/jcl-over-slf4j-1.7.25.jar:/Users/kaifujimoto/.m2/repository/junit/junit/4.11/junit-4.11.jar:/Users/kaifujimoto/.m2/repository/org/hamcrest/hamcrest-core/1.3/hamcrest-core-1.3.jar:"/>
    <property name="sun.cpu.endian" value="little"/>
    <property name="user.home" value="/Users/kaifujimoto"/>
    <property name="user.language" value="en"/>
    <property name="java.specification.vendor" value="Oracle Corporation"/>
    <property name="java.home" value="/Library/Java/JavaVirtualMachines/jdk1.8.0_171.jdk/Contents/Home/jre"/>
    <property name="basedir" value="/Users/kaifujimoto/Desktop/rdf_lib/my-app"/>
    <property name="file.separator" value="/"/>
    <property name="line.separator" value="&#10;"/>
    <property name="java.vm.specification.vendor" value="Oracle Corporation"/>
    <property name="java.specification.name" value="Java Platform API Specification"/>
    <property name="java.awt.graphicsenv" value="sun.awt.CGraphicsEnvironment"/>
    <property name="surefire.real.class.path" value="/Users/kaifujimoto/Desktop/rdf_lib/my-app/target/surefire/surefirebooter4390912792612226242.jar"/>
    <property name="sun.boot.class.path" value="/Library/Java/JavaVirtualMachines/jdk1.8.0_171.jdk/Contents/Home/jre/lib/resources.jar:/Library/Java/JavaVirtualMachines/jdk1.8.0_171.jdk/Contents/Home/jre/lib/rt.jar:/Library/Java/JavaVirtualMachines/jdk1.8.0_171.jdk/Contents/Home/jre/lib/sunrsasign.jar:/Library/Java/JavaVirtualMachines/jdk1.8.0_171.jdk/Contents/Home/jre/lib/jsse.jar:/Library/Java/JavaVirtualMachines/jdk1.8.0_171.jdk/Contents/Home/jre/lib/jce.jar:/Library/Java/JavaVirtualMachines/jdk1.8.0_171.jdk/Contents/Home/jre/lib/charsets.jar:/Library/Java/JavaVirtualMachines/jdk1.8.0_171.jdk/Contents/Home/jre/lib/jfr.jar:/Library/Java/JavaVirtualMachines/jdk1.8.0_171.jdk/Contents/Home/jre/classes"/>
    <property name="sun.management.compiler" value="HotSpot 64-Bit Tiered Compilers"/>
    <property name="ftp.nonProxyHosts" value="local|*.local|169.254/16|*.169.254/16"/>
    <property name="java.runtime.version" value="1.8.0_171-b11"/>
    <property name="user.name" value="kaifujimoto"/>
    <property name="path.separator" value=":"/>
    <property name="os.version" value="10.14.6"/>
    <property name="java.endorsed.dirs" value="/Library/Java/JavaVirtualMachines/jdk1.8.0_171.jdk/Contents/Home/jre/lib/endorsed"/>
    <property name="java.runtime.name" value="Java(TM) SE Runtime Environment"/>
    <property name="file.encoding" value="UTF-8"/>
    <property name="java.vm.name" value="Java HotSpot(TM) 64-Bit Server VM"/>
    <property name="localRepository" value="/Users/kaifujimoto/.m2/repository"/>
    <property name="java.vendor.url.bug" value="http://bugreport.sun.com/bugreport/"/>
    <property name="java.io.tmpdir" value="/var/folders/nk/0lgwqv_12q3g9b1p_x43np6r0000gn/T/"/>
    <property name="java.version" value="1.8.0_171"/>
    <property name="user.dir" value="/Users/kaifujimoto/Desktop/rdf_lib/my-app"/>
    <property name="os.arch" value="x86_64"/>
    <property name="java.vm.specification.name" value="Java Virtual Machine Specification"/>
    <property name="java.awt.printerjob" value="sun.lwawt.macosx.CPrinterJob"/>
    <property name="sun.os.patch.level" value="unknown"/>
    <property name="java.library.path" value="/Users/kaifujimoto/Library/Java/Extensions:/Library/Java/Extensions:/Network/Library/Java/Extensions:/System/Library/Java/Extensions:/usr/lib/java:."/>
    <property name="java.vm.info" value="mixed mode"/>
    <property name="java.vendor" value="Oracle Corporation"/>
    <property name="java.vm.version" value="25.171-b11"/>
    <property name="java.ext.dirs" value="/Users/kaifujimoto/Library/Java/Extensions:/Library/Java/JavaVirtualMachines/jdk1.8.0_171.jdk/Contents/Home/jre/lib/ext:/Library/Java/Extensions:/Network/Library/Java/Extensions:/System/Library/Java/Extensions:/usr/lib/java"/>
    <property name="sun.io.unicode.encoding" value="UnicodeBig"/>
    <property name="java.class.version" value="52.0"/>
    <property name="socksNonProxyHosts" value="local|*.local|169.254/16|*.169.254/16"/>
  </properties>
  <testcase name="shouldAnswerWithTrue" classname="com.syrdec.app.AppTest" time="0.001"/>
</testsuite>